[    0.000000] Linux version 4.15.0-136-generic (buildd@lcy01-amd64-029) (gcc version 7.5.0 (Ubuntu 7.5.0-3ubuntu1~18.04)) #140-Ubuntu SMP Thu Jan 28 05:20:47 UTC 2021 (Ubuntu 4.15.0-136.140-generic 4.15.18)
[    0.000000] Command line: BOOT_IMAGE=/boot/vmlinuz-4.15.0-136-generic root=LABEL=cloudimg-rootfs ro console=tty1 console=ttyS0
[    0.000000] KERNEL supported cpus:
[    0.000000]   Intel GenuineIntel
[    0.000000]   AMD AuthenticAMD
[    0.000000]   Centaur CentaurHauls
[    0.000000] [Firmware Bug]: TSC doesn't count with P0 frequency!
[    0.000000] x86/fpu: Supporting XSAVE feature 0x001: 'x87 floating point registers'
[    0.000000] x86/fpu: Supporting XSAVE feature 0x002: 'SSE registers'
[    0.000000] x86/fpu: Supporting XSAVE feature 0x004: 'AVX registers'
[    0.000000] x86/fpu: xstate_offset[2]:  576, xstate_sizes[2]:  256
[    0.000000] x86/fpu: Enabled xstate features 0x7, context size is 832 bytes, using 'standard' format.
[    0.000000] e820: BIOS-provided physical RAM map:
[    0.000000] BIOS-e820: [mem 0x0000000000000000-0x000000000009fbff] usable
[    0.000000] BIOS-e820: [mem 0x000000000009fc00-0x000000000009ffff] reserved
[    0.000000] BIOS-e820: [mem 0x00000000000f0000-0x00000000000fffff] reserved
[    0.000000] BIOS-e820: [mem 0x0000000000100000-0x000000003ffeffff] usable
[    0.000000] BIOS-e820: [mem 0x000000003fff0000-0x000000003fffffff] ACPI data
[    0.000000] BIOS-e820: [mem 0x00000000fec00000-0x00000000fec00fff] reserved
[    0.000000] BIOS-e820: [mem 0x00000000fee00000-0x00000000fee00fff] reserved
[    0.000000] BIOS-e820: [mem 0x00000000fffc0000-0x00000000ffffffff] reserved
[    0.000000] NX (Execute Disable) protection: active
[    0.000000] SMBIOS 2.5 present.
[    0.000000] DMI: innotek GmbH VirtualBox/VirtualBox, BIOS VirtualBox 12/01/2006
[    0.000000] Hypervisor detected: KVM
[    0.000000] e820: last_pfn = 0x3fff0 max_arch_pfn = 0x400000000
[    0.000000] MTRR: Disabled
[    0.000000] x86/PAT: MTRRs disabled, skipping PAT initialization too.
[    0.000000] CPU MTRRs all blank - virtualized system.
[    0.000000] x86/PAT: Configuration [0-7]: WB  WT  UC- UC  WB  WT  UC- UC  
[    0.000000] found SMP MP-table at [mem 0x0009fff0-0x0009ffff]
[    0.000000] Scanning 1 areas for low memory corruption
[    0.000000] RAMDISK: [mem 0x35a63000-0x36d28fff]
[    0.000000] ACPI: Early table checksum verification disabled
[    0.000000] ACPI: RSDP 0x00000000000E0000 000024 (v02 VBOX  )
[    0.000000] ACPI: XSDT 0x000000003FFF0030 00003C (v01 VBOX   VBOXXSDT 00000001 ASL  00000061)
[    0.000000] ACPI: FACP 0x000000003FFF00F0 0000F4 (v04 VBOX   VBOXFACP 00000001 ASL  00000061)
[    0.000000] ACPI: DSDT 0x000000003FFF0470 002325 (v02 VBOX   VBOXBIOS 00000002 INTL 20100528)
[    0.000000] ACPI: FACS 0x000000003FFF0200 000040
[    0.000000] ACPI: FACS 0x000000003FFF0200 000040
[    0.000000] ACPI: APIC 0x000000003FFF0240 000054 (v02 VBOX   VBOXAPIC 00000001 ASL  00000061)
[    0.000000] ACPI: SSDT 0x000000003FFF02A0 0001CC (v01 VBOX   VBOXCPUT 00000002 INTL 20100528)
[    0.000000] No NUMA configuration found
[    0.000000] Faking a node at [mem 0x0000000000000000-0x000000003ffeffff]
[    0.000000] NODE_DATA(0) allocated [mem 0x3ffc5000-0x3ffeffff]
[    0.000000] kvm-clock: cpu 0, msr 0:3ff44001, primary cpu clock
[    0.000000] kvm-clock: Using msrs 4b564d01 and 4b564d00
[    0.000000] kvm-clock: using sched offset of 3783609962 cycles
[    0.000000] clocksource: kvm-clock: mask: 0xffffffffffffffff max_cycles: 0x1cd42e4dffb, max_idle_ns: 881590591483 ns
[    0.000000] Zone ranges:
[    0.000000]   DMA      [mem 0x0000000000001000-0x0000000000ffffff]
[    0.000000]   DMA32    [mem 0x0000000001000000-0x000000003ffeffff]
[    0.000000]   Normal   empty
[    0.000000]   Device   empty
[    0.000000] Movable zone start for each node
[    0.000000] Early memory node ranges
[    0.000000]   node   0: [mem 0x0000000000001000-0x000000000009efff]
[    0.000000]   node   0: [mem 0x0000000000100000-0x000000003ffeffff]
[    0.000000] Reserved but unavailable: 98 pages
[    0.000000] Initmem setup node 0 [mem 0x0000000000001000-0x000000003ffeffff]
[    0.000000] ACPI: PM-Timer IO Port: 0x4008
[    0.000000] IOAPIC[0]: apic_id 1, version 32, address 0xfec00000, GSI 0-23
[    0.000000] ACPI: INT_SRC_OVR (bus 0 bus_irq 0 global_irq 2 dfl dfl)
[    0.000000] ACPI: INT_SRC_OVR (bus 0 bus_irq 9 global_irq 9 low level)
[    0.000000] Using ACPI (MADT) for SMP configuration information
[    0.000000] smpboot: Allowing 1 CPUs, 0 hotplug CPUs
[    0.000000] PM: Registered nosave memory: [mem 0x00000000-0x00000fff]
[    0.000000] PM: Registered nosave memory: [mem 0x0009f000-0x0009ffff]
[    0.000000] PM: Registered nosave memory: [mem 0x000a0000-0x000effff]
[    0.000000] PM: Registered nosave memory: [mem 0x000f0000-0x000fffff]
[    0.000000] e820: [mem 0x40000000-0xfebfffff] available for PCI devices
[    0.000000] Booting paravirtualized kernel on KVM
[    0.000000] clocksource: refined-jiffies: mask: 0xffffffff max_cycles: 0xffffffff, max_idle_ns: 7645519600211568 ns
[    0.000000] random: get_random_bytes called from start_kernel+0x99/0x500 with crng_init=0
[    0.000000] setup_percpu: NR_CPUS:8192 nr_cpumask_bits:1 nr_cpu_ids:1 nr_node_ids:1
[    0.000000] percpu: Embedded 45 pages/cpu s147456 r8192 d28672 u2097152
[    0.000000] PV qspinlock hash table entries: 256 (order: 0, 4096 bytes)
[    0.000000] Built 1 zonelists, mobility grouping on.  Total pages: 257913
[    0.000000] Policy zone: DMA32
[    0.000000] Kernel command line: BOOT_IMAGE=/boot/vmlinuz-4.15.0-136-generic root=LABEL=cloudimg-rootfs ro console=tty1 console=ttyS0
[    0.000000] Memory: 983200K/1048120K available (12300K kernel code, 2482K rwdata, 4276K rodata, 2440K init, 2724K bss, 64920K reserved, 0K cma-reserved)
[    0.000000] SLUB: HWalign=64, Order=0-3, MinObjects=0, CPUs=1, Nodes=1
[    0.000000] ftrace: allocating 39427 entries in 155 pages
[    0.004000] Hierarchical RCU implementation.
[    0.004000] 	RCU restricting CPUs from NR_CPUS=8192 to nr_cpu_ids=1.
[    0.004000] 	Tasks RCU enabled.
[    0.004000] RCU: Adjusting geometry for rcu_fanout_leaf=16, nr_cpu_ids=1
[    0.004000] NR_IRQS: 524544, nr_irqs: 256, preallocated irqs: 16
[    0.004000] Console: colour VGA+ 80x25
[    0.004000] console [tty1] enabled
[    0.004000] console [ttyS0] enabled
[    0.004000] ACPI: Core revision 20170831
[    0.004000] ACPI: 2 ACPI AML tables successfully acquired and loaded
[    0.004000] APIC: Switch to symmetric I/O mode setup
[    0.004000] x2apic enabled
[    0.004000] Switched APIC routing to physical x2apic.
[    0.004000] ..TIMER: vector=0x30 apic1=0 pin1=2 apic2=-1 pin2=-1
[    0.004006] tsc: Detected 1996.252 MHz processor
[    0.004952] Calibrating delay loop (skipped) preset value.. 3992.50 BogoMIPS (lpj=7985008)
[    0.005631] pid_max: default: 32768 minimum: 301
[    0.006459] Security Framework initialized
[    0.008005] Yama: becoming mindful.
[    0.008650] AppArmor: AppArmor initialized
[    0.010990] Dentry cache hash table entries: 131072 (order: 8, 1048576 bytes)
[    0.012170] Inode-cache hash table entries: 65536 (order: 7, 524288 bytes)
[    0.014273] Mount-cache hash table entries: 2048 (order: 2, 16384 bytes)
[    0.016023] Mountpoint-cache hash table entries: 2048 (order: 2, 16384 bytes)
[    0.018441] CPU0: Hyper-Threading is disabled
[    0.020143] Last level iTLB entries: 4KB 1024, 2MB 1024, 4MB 512
[    0.021670] Last level dTLB entries: 4KB 1536, 2MB 1536, 4MB 768, 1GB 0
[    0.023174] Spectre V1 : Mitigation: usercopy/swapgs barriers and __user pointer sanitization
[    0.024011] Spectre V2 : Spectre mitigation: LFENCE not serializing, switching to generic retpoline
[    0.028010] Spectre V2 : Mitigation: Full generic retpoline
[    0.029445] Spectre V2 : Spectre v2 / SpectreRSB mitigation: Filling RSB on context switch
[    0.032009] Speculative Store Bypass: Mitigation: Speculative Store Bypass disabled via prctl and seccomp
[    0.041828] Freeing SMP alternatives memory: 36K
[    0.154022] smpboot: CPU0: AMD Ryzen 5 2500U with Radeon Vega Mobile Gfx (family: 0x17, model: 0x11, stepping: 0x0)
[    0.156000] Performance Events: PMU not available due to virtualization, using software events only.
[    0.156000] Hierarchical SRCU implementation.
[    0.158601] NMI watchdog: Perf event create on CPU 0 failed with -2
[    0.160009] NMI watchdog: Perf NMI watchdog permanently disabled
[    0.161228] smp: Bringing up secondary CPUs ...
[    0.162368] smp: Brought up 1 node, 1 CPU
[    0.163414] smpboot: Max logical packages: 1
[    0.164010] smpboot: Total of 1 processors activated (3992.50 BogoMIPS)
[    0.165562] devtmpfs: initialized
[    0.166354] x86/mm: Memory block size: 128MB
[    0.168562] evm: security.selinux
[    0.169259] evm: security.SMACK64
[    0.169959] evm: security.SMACK64EXEC
[    0.170694] evm: security.SMACK64TRANSMUTE
[    0.171633] evm: security.SMACK64MMAP
[    0.172013] evm: security.apparmor
[    0.172783] evm: security.ima
[    0.173390] evm: security.capability
[    0.174406] clocksource: jiffies: mask: 0xffffffff max_cycles: 0xffffffff, max_idle_ns: 7645041785100000 ns
[    0.176040] futex hash table entries: 256 (order: 2, 16384 bytes)
[    0.177341] pinctrl core: initialized pinctrl subsystem
[    0.178513] RTC time: 15:28:57, date: 04/18/21
[    0.179581] NET: Registered protocol family 16
[    0.180120] audit: initializing netlink subsys (disabled)
[    0.181168] audit: type=2000 audit(1618759742.253:1): state=initialized audit_enabled=0 res=1
[    0.184245] cpuidle: using governor ladder
[    0.185147] cpuidle: using governor menu
[    0.186355] ACPI: bus type PCI registered
[    0.187172] acpiphp: ACPI Hot Plug PCI Controller Driver version: 0.5
[    0.188178] PCI: Using configuration type 1 for base access
[    0.189276] PCI: Using configuration type 1 for extended access
[    0.192261] HugeTLB registered 2.00 MiB page size, pre-allocated 0 pages
[    0.196273] ACPI: Added _OSI(Module Device)
[    0.197166] ACPI: Added _OSI(Processor Device)
[    0.197953] ACPI: Added _OSI(3.0 _SCP Extensions)
[    0.198925] ACPI: Added _OSI(Processor Aggregator Device)
[    0.200000] ACPI: Added _OSI(Linux-Dell-Video)
[    0.200051] ACPI: Added _OSI(Linux-Lenovo-NV-HDMI-Audio)
[    0.201054] ACPI: Added _OSI(Linux-HPI-Hybrid-Graphics)
[    0.202326] ACPI: Executed 1 blocks of module-level executable AML code
[    0.207501] ACPI: Interpreter enabled
[    0.208024] ACPI: (supports S0 S5)
[    0.208712] ACPI: Using IOAPIC for interrupt routing
[    0.210075] PCI: Using host bridge windows from ACPI; if necessary, use "pci=nocrs" and report a bug
[    0.211995] ACPI: Enabled 2 GPEs in block 00 to 07
[    0.221130] ACPI: PCI Root Bridge [PCI0] (domain 0000 [bus 00-ff])
[    0.222378] acpi PNP0A03:00: _OSC: OS supports [ExtendedConfig ASPM ClockPM Segments MSI]
[    0.224809] acpi PNP0A03:00: _OSC: platform does not support [PCIeCapability]
[    0.226678] acpi PNP0A03:00: _OSC: not requesting control; platform does not support [PCIeCapability]
[    0.228000] acpi PNP0A03:00: _OSC: OS requested [PCIeHotplug PME AER PCIeCapability]
[    0.228011] acpi PNP0A03:00: _OSC: platform willing to grant [PCIeHotplug PME AER]
[    0.229330] acpi PNP0A03:00: _OSC failed (AE_SUPPORT); disabling ASPM
[    0.232489] PCI host bridge to bus 0000:00
[    0.233501] pci_bus 0000:00: root bus resource [io  0x0000-0x0cf7 window]
[    0.234782] pci_bus 0000:00: root bus resource [io  0x0d00-0xffff window]
[    0.236012] pci_bus 0000:00: root bus resource [mem 0x000a0000-0x000bffff window]
[    0.238117] pci_bus 0000:00: root bus resource [mem 0x40000000-0xfdffffff window]
[    0.240014] pci_bus 0000:00: root bus resource [bus 00-ff]
[    0.243352] pci 0000:00:01.1: legacy IDE quirk: reg 0x10: [io  0x01f0-0x01f7]
[    0.244010] pci 0000:00:01.1: legacy IDE quirk: reg 0x14: [io  0x03f6]
[    0.245186] pci 0000:00:01.1: legacy IDE quirk: reg 0x18: [io  0x0170-0x0177]
[    0.246534] pci 0000:00:01.1: legacy IDE quirk: reg 0x1c: [io  0x0376]
[    0.277717] pci 0000:00:07.0: quirk: [io  0x4000-0x403f] claimed by PIIX4 ACPI
[    0.279076] pci 0000:00:07.0: quirk: [io  0x4100-0x410f] claimed by PIIX4 SMB
[    0.298217] ACPI: PCI Interrupt Link [LNKA] (IRQs 5 9 10 *11)
[    0.300113] ACPI: PCI Interrupt Link [LNKB] (IRQs 5 9 *10 11)
[    0.301370] ACPI: PCI Interrupt Link [LNKC] (IRQs 5 *9 10 11)
[    0.302440] ACPI: PCI Interrupt Link [LNKD] (IRQs 5 9 10 *11)
[    0.303796] SCSI subsystem initialized
[    0.304167] pci 0000:00:02.0: vgaarb: setting as boot VGA device
[    0.305210] pci 0000:00:02.0: vgaarb: VGA device added: decodes=io+mem,owns=io+mem,locks=none
[    0.306605] pci 0000:00:02.0: vgaarb: bridge control possible
[    0.307552] vgaarb: loaded
[    0.308060] ACPI: bus type USB registered
[    0.308786] usbcore: registered new interface driver usbfs
[    0.309683] usbcore: registered new interface driver hub
[    0.310552] usbcore: registered new device driver usb
[    0.311431] EDAC MC: Ver: 3.0.0
[    0.312297] PCI: Using ACPI for IRQ routing
[    0.313305] NetLabel: Initializing
[    0.313889] NetLabel:  domain hash size = 128
[    0.314599] NetLabel:  protocols = UNLABELED CIPSOv4 CALIPSO
[    0.315514] NetLabel:  unlabeled traffic allowed by default
[    0.316138] clocksource: Switched to clocksource kvm-clock
[    0.333336] VFS: Disk quotas dquot_6.6.0
[    0.334067] VFS: Dquot-cache hash table entries: 512 (order 0, 4096 bytes)
[    0.335239] AppArmor: AppArmor Filesystem Enabled
[    0.336030] pnp: PnP ACPI init
[    0.337682] pnp: PnP ACPI: found 3 devices
[    0.343923] clocksource: acpi_pm: mask: 0xffffff max_cycles: 0xffffff, max_idle_ns: 2085701024 ns
[    0.345339] NET: Registered protocol family 2
[    0.346226] TCP established hash table entries: 8192 (order: 4, 65536 bytes)
[    0.347264] TCP bind hash table entries: 8192 (order: 5, 131072 bytes)
[    0.348226] TCP: Hash tables configured (established 8192 bind 8192)
[    0.349206] UDP hash table entries: 512 (order: 2, 16384 bytes)
[    0.350087] UDP-Lite hash table entries: 512 (order: 2, 16384 bytes)
[    0.351096] NET: Registered protocol family 1
[    0.351780] pci 0000:00:00.0: Limiting direct PCI/PCI transfers
[    0.352737] pci 0000:00:01.0: Activating ISA DMA hang workarounds
[    0.353609] pci 0000:00:02.0: Video device with shadowed ROM at [mem 0x000c0000-0x000dffff]
[    0.354818] Unpacking initramfs...
[    0.669479] Freeing initrd memory: 19224K
[    0.670327] clocksource: tsc: mask: 0xffffffffffffffff max_cycles: 0x398cb382d3f, max_idle_ns: 881590697313 ns
[    0.672017] platform rtc_cmos: registered platform RTC device (no PNP device found)
[    0.673402] Scanning for low memory corruption every 60 seconds
[    0.674885] Initialise system trusted keyrings
[    0.675710] Key type blacklist registered
[    0.676459] workingset: timestamp_bits=36 max_order=18 bucket_order=0
[    0.679941] zbud: loaded
[    0.681110] squashfs: version 4.0 (2009/01/31) Phillip Lougher
[    0.682207] fuse init (API version 7.26)
[    0.683967] Key type asymmetric registered
[    0.684661] Asymmetric key parser 'x509' registered
[    0.685377] Block layer SCSI generic (bsg) driver version 0.4 loaded (major 246)
[    0.686456] io scheduler noop registered
[    0.687044] io scheduler deadline registered
[    0.687702] io scheduler cfq registered (default)
[    0.688686] ACPI: AC Adapter [AC] (on-line)
[    0.689356] input: Power Button as /devices/LNXSYSTM:00/LNXPWRBN:00/input/input0
[    0.690419] ACPI: Power Button [PWRF]
[    0.691038] input: Sleep Button as /devices/LNXSYSTM:00/LNXSLPBN:00/input/input1
[    0.692154] ACPI: Sleep Button [SLPF]
[    0.693656] ACPI: Battery Slot [BAT0] (battery present)
[    0.694554] Serial: 8250/16550 driver, 32 ports, IRQ sharing enabled
[    0.716441] 00:02: ttyS0 at I/O 0x3f8 (irq = 4, base_baud = 115200) is a 16550A
[    0.718729] Linux agpgart interface v0.103
[    0.720150] loop: module loaded
[    0.721364] scsi host0: ata_piix
[    0.721952] scsi host1: ata_piix
[    0.722476] ata1: PATA max UDMA/33 cmd 0x1f0 ctl 0x3f6 bmdma 0xd000 irq 14
[    0.723551] ata2: PATA max UDMA/33 cmd 0x170 ctl 0x376 bmdma 0xd008 irq 15
[    0.724969] libphy: Fixed MDIO Bus: probed
[    0.725593] tun: Universal TUN/TAP device driver, 1.6
[    0.726393] PPP generic driver version 2.4.2
[    0.727069] ehci_hcd: USB 2.0 'Enhanced' Host Controller (EHCI) Driver
[    0.728041] ehci-pci: EHCI PCI platform driver
[    0.728718] ehci-platform: EHCI generic platform driver
[    0.729525] ohci_hcd: USB 1.1 'Open' Host Controller (OHCI) Driver
[    0.730389] ohci-pci: OHCI PCI platform driver
[    0.731048] ohci-platform: OHCI generic platform driver
[    0.731912] uhci_hcd: USB Universal Host Controller Interface driver
[    0.733032] i8042: PNP: PS/2 Controller [PNP0303:PS2K,PNP0f03:PS2M] at 0x60,0x64 irq 1,12
[    0.734676] serio: i8042 KBD port at 0x60,0x64 irq 1
[    0.735430] serio: i8042 AUX port at 0x60,0x64 irq 12
[    0.736226] mousedev: PS/2 mouse device common for all mice
[    0.737457] input: AT Translated Set 2 keyboard as /devices/platform/i8042/serio0/input/input2
[    0.739196] rtc_cmos rtc_cmos: rtc core: registered rtc_cmos as rtc0
[    0.740254] rtc_cmos rtc_cmos: alarms up to one day, 114 bytes nvram
[    0.741284] i2c /dev entries driver
[    0.741997] device-mapper: uevent: version 1.0.3
[    0.742809] device-mapper: ioctl: 4.37.0-ioctl (2017-09-20) initialised: dm-devel@redhat.com
[    0.744102] ledtrig-cpu: registered to indicate activity on CPUs
[    0.745372] NET: Registered protocol family 10
[    0.748729] Segment Routing with IPv6
[    0.749503] NET: Registered protocol family 17
[    0.750269] Key type dns_resolver registered
[    0.751086] mce: Using 0 MCE banks
[    0.751675] RAS: Correctable Errors collector initialized.
[    0.752644] sched_clock: Marking stable (752595434, 0)->(916308135, -163712701)
[    0.753911] registered taskstats version 1
[    0.754626] Loading compiled-in X.509 certificates
[    0.757290] Loaded X.509 cert 'Build time autogenerated kernel key: c356b48d5f070be9e15fb09bbd57426939f0386e'
[    0.759114] zswap: loaded using pool lzo/zbud
[    0.762433] Key type big_key registered
[    0.763312] Key type trusted registered
[    0.765393] Key type encrypted registered
[    0.766067] AppArmor: AppArmor sha1 policy hashing enabled
[    0.766991] ima: No TPM chip found, activating TPM-bypass! (rc=-19)
[    0.768008] ima: Allocated hash algorithm: sha1
[    0.769009] evm: HMAC attrs: 0x1
[    0.770047]   Magic number: 1:856:487
[    0.771386] rtc_cmos rtc_cmos: setting system clock to 2021-04-18 15:28:57 UTC (1618759737)
[    0.774080] BIOS EDD facility v0.16 2004-Jun-25, 0 devices found
[    0.775393] EDD information not available.
[    0.911605] Freeing unused kernel image memory: 2440K
[    0.920321] Write protecting the kernel read-only data: 20480k
[    0.921989] Freeing unused kernel image memory: 2008K
[    0.923348] Freeing unused kernel image memory: 1868K
[    0.932826] x86/mm: Checked W+X mappings: passed, no W+X pages found.
Loading, please wait...
starting version 237
[    1.038330] e1000: Intel(R) PRO/1000 Network Driver - version 7.3.21-k8-NAPI
[    1.039882] e1000: Copyright (c) 1999-2006 Intel Corporation.
[    1.046842] Fusion MPT base driver 3.04.20
[    1.047674] Copyright (c) 1999-2008 LSI Corporation
[    1.074280] AVX2 version of gcm_enc/dec engaged.
[    1.075096] AES CTR mode by8 optimization enabled
[    1.084269] Fusion MPT SPI Host driver 3.04.20
[    1.259043] input: ImExPS/2 Generic Explorer Mouse as /devices/platform/i8042/serio1/input/input4
[    1.475102] e1000 0000:00:03.0 eth0: (PCI:33MHz:32-bit) 02:dd:e5:eb:6c:77
[    1.476574] e1000 0000:00:03.0 eth0: Intel(R) PRO/1000 Network Connection
[    1.479125] mptbase: ioc0: Initiating bringup
[    1.572925] ioc0: LSI53C1030 A0: Capabilities={Initiator}
[    1.814240] scsi host2: ioc0: LSI53C1030 A0, FwRev=00000000h, Ports=1, MaxQ=256, IRQ=20
[    1.980593] scsi 2:0:0:0: Direct-Access     VBOX     HARDDISK         1.0  PQ: 0 ANSI: 5
[    1.982057] scsi target2:0:0: Beginning Domain Validation
[    1.986185] scsi target2:0:0: Domain Validation skipping write tests
[    1.987356] scsi target2:0:0: Ending Domain Validation
[    1.988349] scsi target2:0:0: asynchronous
[    1.989165] random: fast init done
[    1.990384] scsi 2:0:1:0: Direct-Access     VBOX     HARDDISK         1.0  PQ: 0 ANSI: 5
[    1.991818] scsi target2:0:1: Beginning Domain Validation
[    1.994613] scsi target2:0:1: Domain Validation skipping write tests
[    1.995722] scsi target2:0:1: Ending Domain Validation
[    1.996726] scsi target2:0:1: asynchronous
[    2.003015] random: systemd-udevd: uninitialized urandom read (16 bytes read)
[    2.004316] random: systemd-udevd: uninitialized urandom read (16 bytes read)
[    2.005645] random: systemd-udevd: uninitialized urandom read (16 bytes read)
[    2.007159] sd 2:0:0:0: Attached scsi generic sg0 type 0
[    2.008602] sd 2:0:0:0: [sda] 83886080 512-byte logical blocks: (42.9 GB/40.0 GiB)
[    2.010012] sd 2:0:0:0: [sda] Write Protect is off
[    2.011337] sd 2:0:0:0: [sda] Incomplete mode parameter data
[    2.012375] sd 2:0:0:0: [sda] Assuming drive cache: write through
[    2.014095] sd 2:0:1:0: [sdb] 20480 512-byte logical blocks: (10.5 MB/10.0 MiB)
[    2.016030] sd 2:0:1:0: [sdb] Write Protect is off
[    2.017463] sd 2:0:1:0: [sdb] Incomplete mode parameter data
[    2.018441] sd 2:0:1:0: [sdb] Assuming drive cache: write through
[    2.019583] sd 2:0:1:0: Attached scsi generic sg1 type 0
[    2.025799]  sda: sda1
[    2.027335] sd 2:0:0:0: [sda] Attached SCSI disk
[    2.028684] sd 2:0:1:0: [sdb] Attached SCSI disk
[    2.377444] e1000 0000:00:08.0 eth1: (PCI:33MHz:32-bit) 08:00:27:13:d7:a2
[    2.378678] e1000 0000:00:08.0 eth1: Intel(R) PRO/1000 Network Connection
[    2.381153] e1000 0000:00:08.0 enp0s8: renamed from eth1
[    2.384044] e1000 0000:00:03.0 enp0s3: renamed from eth0
Begin: Loading essential drivers ... [    3.800723] raid6: sse2x1   gen()  6825 MB/s
[    3.848721] raid6: sse2x1   xor()  6528 MB/s
[    3.896740] raid6: sse2x2   gen() 13635 MB/s
[    3.944713] raid6: sse2x2   xor()  9187 MB/s
[    3.992720] raid6: sse2x4   gen() 14381 MB/s
[    4.040733] raid6: sse2x4   xor()  7107 MB/s
[    4.088711] raid6: avx2x1   gen() 11340 MB/s
[    4.136723] raid6: avx2x1   xor()  8890 MB/s
[    4.184721] raid6: avx2x2   gen() 20792 MB/s
[    4.232716] raid6: avx2x2   xor() 13391 MB/s
[    4.280723] raid6: avx2x4   gen() 20683 MB/s
[    4.328720] raid6: avx2x4   xor() 10551 MB/s
[    4.329470] raid6: using algorithm avx2x2 gen() 20792 MB/s
[    4.330340] raid6: .... xor() 13391 MB/s, rmw enabled
[    4.331147] raid6: using avx2x2 recovery algorithm
[    4.333643] xor: automatically using best checksumming function   avx       
[    4.336176] async_tx: api initialized (async)
done.
Begin: Running /scripts/init-premount ... done.
Begin: Mounting root file system ... Begin: Running /scripts/local-top ... done.
Begin: Running /scripts/local-premount ... [    4.397751] Btrfs loaded, crc32c=crc32c-intel
Scanning for Btrfs filesystems
done.
Warning: fsck not present, so skipping root file system
[    4.443151] EXT4-fs (sda1): mounted filesystem with ordered data mode. Opts: (null)
done.
Begin: Running /scripts/local-bottom ... done.
Begin: Running /scripts/init-bottom ... done.
[    4.635697] ip_tables: (C) 2000-2006 Netfilter Core Team
[    4.647963] systemd[1]: systemd 237 running in system mode. (+PAM +AUDIT +SELINUX +IMA +APPARMOR +SMACK +SYSVINIT +UTMP +LIBCRYPTSETUP +GCRYPT +GNUTLS +ACL +XZ +LZ4 +SECCOMP +BLKID +ELFUTILS +KMOD -IDN2 +IDN -PCRE2 default-hierarchy=hybrid)
[    4.650953] systemd[1]: Detected virtualization oracle.
[    4.651712] systemd[1]: Detected architecture x86-64.

Welcome to [1mUbuntu 18.04.5 LTS[0m!

[    4.656186] systemd[1]: Set hostname to <ubuntu>.
[    4.663467] systemd[1]: Initializing machine ID from random generator.
[    4.664449] systemd[1]: Installed transient /etc/machine-id file.
[    4.920353] systemd[1]: Set up automount Arbitrary Executable File Formats File System Automount Point.
[[0;32m  OK  [0m] Set up automount Arbitrary Executab…rmats File System Automount Point.
[    4.932430] systemd[1]: Reached target System Time Synchronized.
[[0;32m  OK  [0m] Reached target System Time Synchronized.
[    4.934454] systemd[1]: Created slice System Slice.
[[0;32m  OK  [0m] Created slice System Slice.
[    4.935863] systemd[1]: Listening on Journal Socket.
[[0;32m  OK  [0m] Listening on Journal Socket.
         Mounting Kernel Debug File System...
         Starting Uncomplicated firewall...
         Starting Set the console keyboard layout...
[[0;32m  OK  [0m] Created slice system-serial\x2dgetty.slice.
[[0;32m  OK  [0m] Listening on LVM2 metadata daemon socket.
[[0;32m  OK  [0m] Listening on /dev/initctl Compatibility Named Pipe.
         Mounting Huge Pages File System...
[[0;32m  OK  [0m] Listening on Journal Socket (/dev/log).
[[0;32m  OK  [0m] Listening on Syslog Socket.
[[0;32m  OK  [0m] Listening on LVM2 poll daemon socket.
         Starting Load Kernel Modules...
[[0;32m  OK  [0m] Listening on fsck to fsckd communication Socket.
[[0;32m  OK  [0m] Listening on udev Control Socket.
[[0;32m  OK  [0m] Reached target User and Group Name Lookups.
         Starting Create list of required st…ce nodes for the current kernel...
[[0;32m  OK  [0m] Listening on udev Kernel Socket.
         Starting udev Coldplug all Devices...
[[0;32m  OK  [0m] Started Forward Password Requests to Wall Directory Watch.
[[0;32m  OK  [0m] Created slice User and Session Slice.
[[0;32m  OK  [0m] Reached target Slices.
[[0;32m  OK  [0m] Reached target Swap.
[[0;32m  OK  [0m] Listening on Device-mapper event daemon FIFOs.
         Starting Monitoring of LVM2 mirrors…ng dmeventd or progress polling...
[[0;32m  OK  [0m] Listening on Journal Audit Socket.[    5.001089] Loading iSCSI transport class v2.0-870.

         Starting Journal Service...
         Starting File System Check on Root Device...
         Mounting POSIX Message Queue File System...
[[0;32m  OK  [0m] Listening on Network Service Netlink Socket.
[[0;32m  OK  [0m] Mounted Kernel Debug File System.
[[0;32m  OK  [0m] Started Uncomplicated firewall.
[[0;32m  OK  [0m] Mounted Huge Pages File System.
[[0;32m  OK  [0m] Started Create list of required sta…vice nodes for the current kernel.
[[0;32m  OK  [0m] Mounted POSIX Message Queue File System.
         Starting Create Static Device Nodes in /dev...
[[0;32m  OK  [0m] Started LVM2 metadata daemon.
[[0;32m  OK  [0m] Started File System Check Daemon to report status.
[    5.097400] iscsi: registered transport (tcp)
[[0;32m  OK  [0m] Started Create Static Device Nodes in /dev.
[[0;32m  OK  [0m] Started udev Coldplug all Devices.
[[0;32m  OK  [0m] Started Journal Service.
[[0;32m  OK  [0m] Started Monitoring of LVM2 mirrors,…sing dmeventd or progress polling.
[[0;32m  OK  [0m] Started File System Check on Root Device.
         Starting Remount Root and Kernel File Systems...
[    5.219498] iscsi: registered transport (iser)
[[0;32m  OK  [0m] Started Load Kernel Modules.
         Starting Apply Kernel Variables...
         Mounting Kernel Configuration File System...
         Mounting FUSE Control File System...
[[0;32m  OK  [0m] Mounted Kernel Configuration File System.
[[0;32m  OK  [0m] Started Set the console keyboard layout.
[[0;32m  OK  [0m] Mounted FUSE Control File System.
[[0;32m  OK  [0m] Started Remount Root and Kernel File Systems.
[[0;32m  OK  [0m] Reached target Local File Systems (Pre).
[[0;32m  OK  [0m] Reached target Local File Systems.
         Starting ebtables ruleset management...
         Starting AppArmor initialization...
         Starting Tell Plymouth To Write Out Runtime Data...
         Starting Set console font and keymap...
         Starting Commit a transient machine-id on disk...
         Starting udev Kernel Device Manager...
         Starting Flush Journal to Persistent Storage...
         Starting Load/Save Random Seed...
[[0;32m  OK  [0m] Started Apply Kernel Variables.
[[0;32m  OK  [0m] Started Tell Plymouth To Write Out Runtime Data.
[[0;32m  OK  [0m] Started Set console font and keymap.
[[0;32m  OK  [0m] Started Load/Save Random Seed.
[[0;32m  OK  [0m] Started udev Kernel Device Manager.
[[0;32m  OK  [0m] Started Dispatch Password Requests to Console Directory Watch.
[[0;32m  OK  [0m] Reached target Local Encrypted Volumes.
[[0;32m  OK  [0m] Started Commit a transient machine-id on disk.
[[0;32m  OK  [0m] Started ebtables ruleset management.
[[0;32m  OK  [0m] Started Flush Journal to Persistent Storage.
         Starting Create Volatile Files and Directories...
[[0;32m  OK  [0m] Started Create Volatile Files and Directories.
         Starting Update UTMP about System Boot/Shutdown...
[[0;32m  OK  [0m] Started Update UTMP about System Boot/Shutdown.
[[0;32m  OK  [0m] Found device /dev/ttyS0.
[[0;32m  OK  [0m] Listening on Load/Save RF Kill Switch Status /dev/rfkill Watch.
[[0;32m  OK  [0m] Started AppArmor initialization.
         Starting Load AppArmor profiles managed internally by snapd...
         Starting Initial cloud-init job (pre-networking)...
[[0;32m  OK  [0m] Started Load AppArmor profiles managed internally by snapd.
[    9.442090] cloud-init[590]: Cloud-init v. 20.4.1-0ubuntu1~18.04.1 running 'init-local' at Sun, 18 Apr 2021 15:29:05 +0000. Up 8.91 seconds.
[[0;32m  OK  [0m] Started Initial cloud-init job (pre-networking).
[[0;32m  OK  [0m] Reached target Network (Pre).
         Starting Network Service...
[[0;32m  OK  [0m] Started Network Service.
         Starting Wait for Network to be Configured...
         Starting Network Name Resolution...
[[0;32m  OK  [0m] Started Network Name Resolution.
[[0;32m  OK  [0m] Reached target Host and Network Name Lookups.
[[0;32m  OK  [0m] Reached target Network.
[[0;32m  OK  [0m] Started Wait for Network to be Configured.
         Starting Initial cloud-init job (metadata service crawler)...
[   12.394300] cloud-init[666]: Cloud-init v. 20.4.1-0ubuntu1~18.04.1 running 'init' at Sun, 18 Apr 2021 15:29:08 +0000. Up 12.10 seconds.
[   12.398142] cloud-init[666]: ci-info: ++++++++++++++++++++++++++++++++++++++Net device info+++++++++++++++++++++++++++++++++++++++
[   12.403838] cloud-init[666]: ci-info: +--------+-------+----------------------------+---------------+--------+-------------------+
[   12.408214] cloud-init[666]: ci-info: | Device |   Up  |          Address           |      Mask     | Scope  |     Hw-Address    |
[   12.411093] cloud-init[666]: ci-info: +--------+-------+----------------------------+---------------+--------+-------------------+
[   12.415776] cloud-init[666]: ci-info: | enp0s3 |  True |         10.0.2.15          | 255.255.255.0 | global | 02:dd:e5:eb:6c:77 |
[   12.423470] cloud-init[666]: ci-info: | enp0s3 |  True | fe80::dd:e5ff:feeb:6c77/64 |       .       |  link  | 02:dd:e5:eb:6c:77 |
[   12.433813] cloud-init[666]: ci-info: | enp0s8 | False |             .              |       .       |   .    | 08:00:27:13:d7:a2 |
[   12.438699] cloud-init[666]: ci-info: |   lo   |  True |         127.0.0.1          |   255.0.0.0   |  host  |         .         |
[   12.444154] cloud-init[666]: ci-info: |   lo   |  True |          ::1/128           |       .       |  host  |         .         |
[   12.451463] cloud-init[666]: ci-info: +--------+-------+----------------------------+---------------+--------+-------------------+
[   12.457106] cloud-init[666]: ci-info: ++++++++++++++++++++++++++++Route IPv4 info+++++++++++++++++++++++++++++
[   12.463094] cloud-init[666]: ci-info: +-------+-------------+----------+-----------------+-----------+-------+
[   12.469191] cloud-init[666]: ci-info: | Route | Destination | Gateway  |     Genmask     | Interface | Flags |
[   12.472990] cloud-init[666]: ci-info: +-------+-------------+----------+-----------------+-----------+-------+
[   12.476837] cloud-init[666]: ci-info: |   0   |   0.0.0.0   | 10.0.2.2 |     0.0.0.0     |   enp0s3  |   UG  |
[   12.479851] cloud-init[666]: ci-info: |   1   |   10.0.2.0  | 0.0.0.0  |  255.255.255.0  |   enp0s3  |   U   |
[   12.488914] cloud-init[666]: ci-info: |   2   |   10.0.2.2  | 0.0.0.0  | 255.255.255.255 |   enp0s3  |   UH  |
[   12.492556] cloud-init[666]: ci-info: +-------+-------------+----------+-----------------+-----------+-------+
[   12.498313] cloud-init[666]: ci-info: +++++++++++++++++++Route IPv6 info+++++++++++++++++++
[   12.501849] cloud-init[666]: ci-info: +-------+-------------+---------+-----------+-------+
[   12.504274] cloud-init[666]: ci-info: | Route | Destination | Gateway | Interface | Flags |
[   12.506869] cloud-init[666]: ci-info: +-------+-------------+---------+-----------+-------+
[   12.509432] cloud-init[666]: ci-info: |   1   |  fe80::/64  |    ::   |   enp0s3  |   U   |
[   12.512605] cloud-init[666]: ci-info: |   3   |    local    |    ::   |   enp0s3  |   U   |
[   12.517037] cloud-init[666]: ci-info: |   4   |   ff00::/8  |    ::   |   enp0s3  |   U   |
[   12.524925] cloud-init[666]: ci-info: +-------+-------------+---------+-----------+-------+
[   13.391463] cloud-init[666]: Generating public/private rsa key pair.
[   13.392761] cloud-init[666]: Your identification has been saved in /etc/ssh/ssh_host_rsa_key.
[   13.394927] cloud-init[666]: Your public key has been saved in /etc/ssh/ssh_host_rsa_key.pub.
[   13.400946] cloud-init[666]: The key fingerprint is:
[   13.402175] cloud-init[666]: SHA256:IoDuyKs0sPX3+/HqhMFYARM5bK1gR9tswY5Wr0VDKn8 root@ubuntu-bionic
[   13.404094] cloud-init[666]: The key's randomart image is:
[   13.408491] cloud-init[666]: +---[RSA 2048]----+
[   13.409611] cloud-init[666]: |     o=*o..      |
[   13.410622] cloud-init[666]: | .  o *=++o      |
[   13.412403] cloud-init[666]: |. .. +o**o .     |
[   13.416330] cloud-init[666]: |.  .  +B. o      |
[   13.417193] cloud-init[666]: |... ..o SoE      |
[   13.418159] cloud-init[666]: |=o . . ..+       |
[   13.421257] cloud-init[666]: |o=  . . . o      |
[   13.422157] cloud-init[666]: |. o  . . . o     |
[   13.425119] cloud-init[666]: |o.      o++..    |
[   13.426019] cloud-init[666]: +----[SHA256]-----+
[   13.429008] cloud-init[666]: Generating public/private dsa key pair.
[   13.432911] cloud-init[666]: Your identification has been saved in /etc/ssh/ssh_host_dsa_key.
[   13.434167] cloud-init[666]: Your public key has been saved in /etc/ssh/ssh_host_dsa_key.pub.
[   13.436797] cloud-init[666]: The key fingerprint is:
[   13.437680] cloud-init[666]: SHA256:AUsB0kdu2JIb9p9q5O22P/aSd+bkK+INSBh0BRahtVg root@ubuntu-bionic
[   13.440714] cloud-init[666]: The key's randomart image is:
[   13.444604] cloud-init[666]: +---[DSA 1024]----+
[   13.445321] cloud-init[666]: |  ...o*.E=.      |
[   13.446604] cloud-init[666]: |   ..B.X .       |
[   13.452525] cloud-init[666]: |    *.O o        |
[   13.453550] cloud-init[666]: |   . * o .       |
[   13.454472] cloud-init[666]: |    . o S        |
[   13.455610] cloud-init[666]: |      .o o       |
[   13.460837] cloud-init[666]: |     o .+ ..  .  |
[   13.461939] cloud-init[666]: |      o.o *oooo  |
[   13.462975] cloud-init[666]: |     ..oo=o*o=+. |
[   13.464415] cloud-init[666]: +----[SHA256]-----+
[   13.469135] cloud-init[666]: Generating public/private ecdsa key pair.
[   13.470304] cloud-init[666]: Your identification has been saved in /etc/ssh/ssh_host_ecdsa_key.
[   13.477018] cloud-init[666]: Your public key has been saved in /etc/ssh/ssh_host_ecdsa_key.pub.
[   13.478347] cloud-init[666]: The key fingerprint is:
[   13.479856] cloud-init[666]: SHA256:/a/6q0a4jhubwaODk3tHEA0aGkm4lQ1cWssL+2DTE04 root@ubuntu-bionic
[   13.484855] cloud-init[666]: The key's randomart image is:
[   13.486377] cloud-init[666]: +---[ECDSA 256]---+
[   13.488762] cloud-init[666]: |++o=+o           |
[   13.492750] cloud-init[666]: |oo+*o..          |
[   13.493944] cloud-init[666]: |.o+ E.           |
[   13.494850] cloud-init[666]: |.  *.o   .       |
[   13.501519] cloud-init[666]: |  = =.  S..      |
[   13.502415] cloud-init[666]: | . + o. . ..     |
[   13.503581] cloud-init[666]: |   o..=  o  .    |
[   13.504831] cloud-init[666]: |  + o..B. .  .   |
[   13.506050] cloud-init[666]: |  .+.o=o..o++o.  |
[   13.508372] cloud-init[666]: +----[SHA256]-----+
[   13.512387] cloud-init[666]: Generating public/private ed25519 key pair.
[   13.514437] cloud-init[666]: Your identification has been saved in /etc/ssh/ssh_host_ed25519_key.
[   13.521161] cloud-init[666]: Your public key has been saved in /etc/ssh/ssh_host_ed25519_key.pub.
[   13.522869] cloud-init[666]: The key fingerprint is:
[   13.524171] cloud-init[666]: SHA256:4o721geKvPU6t5aT1Nb86zq6Ce4VmTx+GJStcU+rJ08 root@ubuntu-bionic
[   13.530349] cloud-init[666]: The key's randomart image is:
[   13.531338] cloud-init[666]: +--[ED25519 256]--+
[   13.532377] cloud-init[666]: |                 |
[   13.536801] cloud-init[666]: |           o     |
[   13.537702] cloud-init[666]: |          + o .  |
[   13.538554] cloud-init[666]: |         o * o . |
[   13.539349] cloud-init[666]: |      . S.Oo  o  |
[   13.544821] cloud-init[666]: |     . .o.o=o.   |
[   13.545669] cloud-init[666]: |   . .o+.=+ +.E  |
[   13.546541] cloud-init[666]: |    +++oBo.o.=.  |
[   13.547418] cloud-init[666]: |   .o++*=++o.++. |
[   13.548688] cloud-init[666]: +----[SHA256]-----+
[[0;32m  OK  [0m] Started Initial cloud-init job (metadata service crawler).
[[0;32m  OK  [0m] Reached target Network is Online.
[[0;32m  OK  [0m] Reached target Remote File Systems (Pre).
[[0;32m  OK  [0m] Reached target Remote File Systems.
         Starting Availability of block devices...
[[0;32m  OK  [0m] Reached target System Initialization.
[[0;32m  OK  [0m] Started Daily apt download activities.
[[0;32m  OK  [0m] Started Message of the Day.
         Starting LXD - unix socket.
[[0;32m  OK  [0m] Listening on Open-iSCSI iscsid Socket.
         Starting Socket activation for snappy daemon.
[[0;32m  OK  [0m] Started Daily Cleanup of Temporary Directories.
[[0;32m  OK  [0m] Started ACPI Events Check.
[[0;32m  OK  [0m] Reached target Paths.
[[0;32m  OK  [0m] Listening on ACPID Listen Socket.
[[0;32m  OK  [0m] Started Discard unused blocks once a week.
[[0;32m  OK  [0m] Listening on UUID daemon activation socket.
[[0;32m  OK  [0m] Started Daily apt upgrade and clean activities.
[[0;32m  OK  [0m] Listening on D-Bus System Message Bus Socket.
[[0;32m  OK  [0m] Reached target Timers.
[[0;32m  OK  [0m] Reached target Cloud-config availability.
[[0;32m  OK  [0m] Started Availability of block devices.
[[0;32m  OK  [0m] Listening on LXD - unix socket.
[[0;32m  OK  [0m] Listening on Socket activation for snappy daemon.
[[0;32m  OK  [0m] Reached target Sockets.
[[0;32m  OK  [0m] Reached target Basic System.
[[0;32m  OK  [0m] Started D-Bus System Message Bus.
         Starting LSB: Record successful boot for GRUB...
         Starting Dispatcher daemon for systemd-networkd...
         Starting Login Service...
         Starting System Logging Service...
         Starting Permit User Sessions...
[[0;32m  OK  [0m] Started Regular background program processing daemon.
         Starting Virtualbox guest utils...
         Starting LSB: automatic crash report generation...
[[0;32m  OK  [0m] Started irqbalance daemon.
[[0;32m  OK  [0m] Started Deferred execution scheduler.
         Starting Accounts Service...
         Starting Pollinate to seed the pseudo random number generator...
         Starting Snap Daemon...
[[0;32m  OK  [0m] Started FUSE filesystem for LXC.
         Starting LXD - container startup/shutdown...
[[0;32m  OK  [0m] Started System Logging Service.
[[0;32m  OK  [0m] Started Permit User Sessions.
[[0;32m  OK  [0m] Started Login Service.
[[0;32m  OK  [0m] Started Unattended Upgrades Shutdown.
         Starting Terminate Plymouth Boot Screen...
         Starting Hold until boot process finishes up...
[[0;32m  OK  [0m] Started Hold until boot process finishes up.
         Starting Set console scheme...
[[0;32m  OK  [0m] Started Serial Getty on ttyS0.
[[0;32m  OK  [0m] Started Terminate Plymouth Boot Screen.
[[0;32m  OK  [0m] Started Set console scheme.
[[0;32m  OK  [0m] Created slice system-getty.slice.
[[0;32m  OK  [0m] Started Getty on tty1.
[[0;32m  OK  [0m] Reached target Login Prompts.
         Starting Authorization Manager...
[[0;32m  OK  [0m] Started LSB: automatic crash report generation.
[[0;32m  OK  [0m] Started LSB: Record successful boot for GRUB.
[[0;32m  OK  [0m] Started Authorization Manager.
[[0;32m  OK  [0m] Started Accounts Service.
[[0;32m  OK  [0m] Started LXD - container startup/shutdown.
[[0;32m  OK  [0m] Started Virtualbox guest utils.
[[0;32m  OK  [0m] Started Dispatcher daemon for systemd-networkd.
[[0;32m  OK  [0m] Started Snap Daemon.
         Starting Wait until snapd is fully seeded...
[[0;32m  OK  [0m] Started Pollinate to seed the pseudo random number generator.
         Starting OpenBSD Secure Shell server...
[[0;32m  OK  [0m] Started OpenBSD Secure Shell server.
[[0;32m  OK  [0m] Created slice User Slice of vagrant.
         Starting User Manager for UID 1000...
[[0;32m  OK  [0m] Started Session 1 of user vagrant.
[[0;32m  OK  [0m] Started User Manager for UID 1000.
[[0;32m  OK  [0m] Started Wait until snapd is fully seeded.
         Starting Apply the settings specified in cloud-config...
[[0;32m  OK  [0m] Reached target Multi-User System.
[[0;32m  OK  [0m] Reached target Graphical Interface.
         Starting Update UTMP about System Runlevel Changes...
[[0;32m  OK  [0m] Started Update UTMP about System Runlevel Changes.
[   19.231516] cloud-init[1135]: Cloud-init v. 20.4.1-0ubuntu1~18.04.1 running 'modules:config' at Sun, 18 Apr 2021 15:29:15 +0000. Up 18.58 seconds.

Ubuntu 18.04.5 LTS ubuntu-bionic ttyS0

ubuntu-bionic login: ci-info: no authorized SSH keys fingerprints found for user ubuntu.
<14>Apr 18 15:29:16 ec2: 
<14>Apr 18 15:29:16 ec2: #############################################################
<14>Apr 18 15:29:16 ec2: -----BEGIN SSH HOST KEY FINGERPRINTS-----
<14>Apr 18 15:29:16 ec2: 1024 SHA256:AUsB0kdu2JIb9p9q5O22P/aSd+bkK+INSBh0BRahtVg root@ubuntu-bionic (DSA)
<14>Apr 18 15:29:16 ec2: 256 SHA256:/a/6q0a4jhubwaODk3tHEA0aGkm4lQ1cWssL+2DTE04 root@ubuntu-bionic (ECDSA)
<14>Apr 18 15:29:16 ec2: 256 SHA256:4o721geKvPU6t5aT1Nb86zq6Ce4VmTx+GJStcU+rJ08 root@ubuntu-bionic (ED25519)
<14>Apr 18 15:29:16 ec2: 2048 SHA256:IoDuyKs0sPX3+/HqhMFYARM5bK1gR9tswY5Wr0VDKn8 root@ubuntu-bionic (RSA)
<14>Apr 18 15:29:16 ec2: -----END SSH HOST KEY FINGERPRINTS-----
<14>Apr 18 15:29:16 ec2: #############################################################
-----BEGIN SSH HOST KEY KEYS-----
ecdsa-sha2-nistp256 AAAAE2VjZHNhLXNoYTItbmlzdHAyNTYAAAAIbmlzdHAyNTYAAABBBCAQnoOhZFNEMDmSZq/8q8mKmZp88YifK6HoSlBElZrJGGwyBCse6Bqp3Vgx1J6usOqkNASy2Cyim8DZ6Mk5l5s= root@ubuntu-bionic
ssh-ed25519 AAAAC3NzaC1lZDI1NTE5AAAAIDLfS0/dasHfK7MDuBhEUpnLFdi6OY/lbL0vs5sQSYKI root@ubuntu-bionic
ssh-rsa AAAAB3NzaC1yc2EAAAADAQABAAABAQCnNlnIlAYWzGJj5dvCSqkCKvFHs0cudJWx637gwu/JRUJT2fzZjRzUCjm4SIWBJB1J4VNUKYIxWm62fIJwJ0PHVsACC2wlRxKuoyD/JgH4bFr79PHSQOjEaFmWwcLhzU/TB6lpL/PKfeCz5qEWK2toXv//mtX7U9HLiNAIsB3Lm9DW2PZZHMfLKx3H1LIfCxArm97S+n0TxHIWEWf7/WEQdS/FYCMR0uuZ6SL8UHRVjPEifHQ4BXeuFy7RFqh7HrP5Zpmei8lw/cX23y4X3mfeqK/Z0m9D+YV9J257MMhqqLk5udOo50IOjFqzx6/dARntLjnpBD/4aXwC6LCEJuIP root@ubuntu-bionic
-----END SSH HOST KEY KEYS-----
[   20.081024] cloud-init[1300]: Cloud-init v. 20.4.1-0ubuntu1~18.04.1 running 'modules:final' at Sun, 18 Apr 2021 15:29:16 +0000. Up 19.84 seconds.
[   20.081836] cloud-init[1300]: ci-info: no authorized SSH keys fingerprints found for user ubuntu.
[   20.082533] cloud-init[1300]: Cloud-init v. 20.4.1-0ubuntu1~18.04.1 finished at Sun, 18 Apr 2021 15:29:16 +0000. Datasource DataSourceNoCloud [seed=/dev/sdb][dsmode=net].  Up 20.07 seconds
[ 1924.795585] e1000 0000:00:08.0 enp0s8: Reset adapter
